# JRE version: OpenJDK Runtime Environment (11.0.11+9) (build 11.0.11+9-b60-7590822)
# Java VM: OpenJDK 64-Bit Server VM (11.0.11+9-b60-7590822, mixed mode, tiered, compressed oops, g1 gc, windows-amd64)
Heap:
 garbage-first heap   total 260096K, used 131072K [0x0000000080000000, 0x0000000100000000)
  region size 1024K, 86 young (88064K), 12 survivors (12288K)
 Metaspace       used 78297K, capacity 80122K, committed 80380K, reserved 1118208K
  class space    used 10192K, capacity 10861K, committed 10880K, reserved 1048576K
GC Heap History (18 events):
Event: 0.979 GC heap before
{Heap before GC invocations=0 (full 0):
 garbage-first heap   total 260096K, used 29696K [0x0000000080000000, 0x0000000100000000)
  region size 1024K, 24 young (24576K), 0 survivors (0K)
 Metaspace       used 10244K, capacity 10493K, committed 10624K, reserved 1058816K
  class space    used 1072K, capacity 1139K, committed 1152K, reserved 1048576K
}
Event: 0.983 GC heap after
{Heap after GC invocations=1 (full 0):
 garbage-first heap   total 260096K, used 9772K [0x0000000080000000, 0x0000000100000000)
  region size 1024K, 3 young (3072K), 3 survivors (3072K)
 Metaspace       used 10244K, capacity 10493K, committed 10624K, reserved 1058816K
  class space    used 1072K, capacity 1139K, committed 1152K, reserved 1048576K
}
Event: 2.916 GC heap before
{Heap before GC invocations=1 (full 0):
 garbage-first heap   total 260096K, used 107052K [0x0000000080000000, 0x0000000100000000)
  region size 1024K, 99 young (101376K), 3 survivors (3072K)
 Metaspace       used 20632K, capacity 21108K, committed 21296K, reserved 1069056K
  class space    used 2534K, capacity 2660K, committed 2688K, reserved 1048576K
}
Event: 2.925 GC heap after
{Heap after GC invocations=2 (full 0):
 garbage-first heap   total 260096K, used 16818K [0x0000000080000000, 0x0000000100000000)
  region size 1024K, 10 young (10240K), 10 survivors (10240K)
 Metaspace       used 20632K, capacity 21108K, committed 21296K, reserved 1069056K
  class space    used 2534K, capacity 2660K, committed 2688K, reserved 1048576K
}
Event: 3.143 GC heap before
{Heap before GC invocations=3 (full 0):
 garbage-first heap   total 260096K, used 33202K [0x0000000080000000, 0x0000000100000000)
  region size 1024K, 26 young (26624K), 10 survivors (10240K)
 Metaspace       used 22315K, capacity 22849K, committed 22960K, reserved 1069056K
  class space    used 2830K, capacity 3012K, committed 3072K, reserved 1048576K
}
Event: 3.148 GC heap after
{Heap after GC invocations=4 (full 0):
 garbage-first heap   total 260096K, used 17762K [0x0000000080000000, 0x0000000100000000)
  region size 1024K, 1 young (1024K), 1 survivors (1024K)
 Metaspace       used 22315K, capacity 22849K, committed 22960K, reserved 1069056K
  class space    used 2830K, capacity 3012K, committed 3072K, reserved 1048576K
}
Event: 4.204 GC heap before
{Heap before GC invocations=4 (full 0):
 garbage-first heap   total 260096K, used 87394K [0x0000000080000000, 0x0000000100000000)
  region size 1024K, 69 young (70656K), 1 survivors (1024K)
 Metaspace       used 28949K, capacity 29601K, committed 29744K, reserved 1075200K
  class space    used 3863K, capacity 4097K, committed 4224K, reserved 1048576K
}
Event: 4.208 GC heap after
{Heap after GC invocations=5 (full 0):
 garbage-first heap   total 260096K, used 19958K [0x0000000080000000, 0x0000000100000000)
  region size 1024K, 4 young (4096K), 4 survivors (4096K)
 Metaspace       used 28949K, capacity 29601K, committed 29744K, reserved 1075200K
  class space    used 3863K, capacity 4097K, committed 4224K, reserved 1048576K
}
Event: 4.738 GC heap before
{Heap before GC invocations=5 (full 0):
 garbage-first heap   total 260096K, used 45558K [0x0000000080000000, 0x0000000100000000)
  region size 1024K, 30 young (30720K), 4 survivors (4096K)
 Metaspace       used 34937K, capacity 35657K, committed 35708K, reserved 1081344K
  class space    used 4542K, capacity 4863K, committed 4864K, reserved 1048576K
}
Event: 4.746 GC heap after
{Heap after GC invocations=6 (full 0):
 garbage-first heap   total 260096K, used 22610K [0x0000000080000000, 0x0000000100000000)
  region size 1024K, 6 young (6144K), 6 survivors (6144K)
 Metaspace       used 34937K, capacity 35657K, committed 35708K, reserved 1081344K
  class space    used 4542K, capacity 4863K, committed 4864K, reserved 1048576K
}
Event: 7.631 GC heap before
{Heap before GC invocations=7 (full 0):
 garbage-first heap   total 260096K, used 146514K [0x0000000080000000, 0x0000000100000000)
  region size 1024K, 124 young (126976K), 6 survivors (6144K)
 Metaspace       used 44982K, capacity 45986K, committed 46204K, reserved 1089536K
  class space    used 5777K, capacity 6138K, committed 6144K, reserved 1048576K
}
Event: 7.644 GC heap after
{Heap after GC invocations=8 (full 0):
 garbage-first heap   total 260096K, used 29587K [0x0000000080000000, 0x0000000100000000)
  region size 1024K, 13 young (13312K), 13 survivors (13312K)
 Metaspace       used 44982K, capacity 45986K, committed 46204K, reserved 1089536K
  class space    used 5777K, capacity 6138K, committed 6144K, reserved 1048576K
}
Event: 13.047 GC heap before
{Heap before GC invocations=8 (full 0):
 garbage-first heap   total 260096K, used 160659K [0x0000000080000000, 0x0000000100000000)
  region size 1024K, 137 young (140288K), 13 survivors (13312K)
 Metaspace       used 52588K, capacity 53875K, committed 54012K, reserved 1095680K
  class space    used 6705K, capacity 7238K, committed 7296K, reserved 1048576K
}
Event: 13.058 GC heap after
{Heap after GC invocations=9 (full 0):
 garbage-first heap   total 260096K, used 44163K [0x0000000080000000, 0x0000000100000000)
  region size 1024K, 17 young (17408K), 17 survivors (17408K)
 Metaspace       used 52588K, capacity 53875K, committed 54012K, reserved 1095680K
  class space    used 6705K, capacity 7238K, committed 7296K, reserved 1048576K
}
Event: 13.600 GC heap before
{Heap before GC invocations=9 (full 0):
 garbage-first heap   total 260096K, used 84099K [0x0000000080000000, 0x0000000100000000)
  region size 1024K, 57 young (58368K), 17 survivors (17408K)
 Metaspace       used 58444K, capacity 59759K, committed 59900K, reserved 1101824K
  class space    used 7398K, capacity 7937K, committed 8064K, reserved 1048576K
}
Event: 13.617 GC heap after
{Heap after GC invocations=10 (full 0):
 garbage-first heap   total 260096K, used 46273K [0x0000000080000000, 0x0000000100000000)
  region size 1024K, 12 young (12288K), 12 survivors (12288K)
 Metaspace       used 58444K, capacity 59759K, committed 59900K, reserved 1101824K
  class space    used 7398K, capacity 7937K, committed 8064K, reserved 1048576K
}
Event: 15.452 GC heap before
{Heap before GC invocations=11 (full 0):
 garbage-first heap   total 260096K, used 185537K [0x0000000080000000, 0x0000000100000000)
  region size 1024K, 148 young (151552K), 12 survivors (12288K)
 Metaspace       used 70660K, capacity 72220K, committed 72444K, reserved 1112064K
  class space    used 9121K, capacity 9729K, committed 9856K, reserved 1048576K
}
Event: 15.477 GC heap after
{Heap after GC invocations=12 (full 0):
 garbage-first heap   total 260096K, used 56320K [0x0000000080000000, 0x0000000100000000)
  region size 1024K, 12 young (12288K), 12 survivors (12288K)
 Metaspace       used 70660K, capacity 72220K, committed 72444K, reserved 1112064K
  class space    used 9121K, capacity 9729K, committed 9856K, reserved 1048576K
}

